This is pdfTeX, Version 3.14159265-2.6-1.40.20 (TeX Live 2019) (preloaded format=pdflatex 2020.3.18)  16 MAY 2020 01:06
entering extended mode
 restricted \write18 enabled.
 %&-line parsing enabled.
**main
(./main.tex
LaTeX2e <2020-02-02> patch level 5
L3 programming layer <2020-02-25>
(/home/post/.TinyTeX/texmf-dist/tex/latex/base/article.cls
Document Class: article 2019/12/20 v1.4l Standard LaTeX document class
(/home/post/.TinyTeX/texmf-dist/tex/latex/base/size11.clo
File: size11.clo 2019/12/20 v1.4l Standard LaTeX file (size option)
)
\c@part=\count167
\c@section=\count168
\c@subsection=\count169
\c@subsubsection=\count170
\c@paragraph=\count171
\c@subparagraph=\count172
\c@figure=\count173
\c@table=\count174
\abovecaptionskip=\skip47
\belowcaptionskip=\skip48
\bibindent=\dimen134
)
(/home/post/.TinyTeX/texmf-dist/tex/latex/geometry/geometry.sty
Package: geometry 2020/01/02 v5.9 Page Geometry

(/home/post/.TinyTeX/texmf-dist/tex/latex/graphics/keyval.sty
Package: keyval 2014/10/28 v1.15 key=value parser (DPC)
\KV@toks@=\toks15
)
(/home/post/.TinyTeX/texmf-dist/tex/generic/iftex/ifvtex.sty
Package: ifvtex 2019/10/25 v1.7 ifvtex legacy package. Use iftex instead.

(/home/post/.TinyTeX/texmf-dist/tex/generic/iftex/iftex.sty
Package: iftex 2019/11/07 v1.0c TeX engine tests
))
\Gm@cnth=\count175
\Gm@cntv=\count176
\c@Gm@tempcnt=\count177
\Gm@bindingoffset=\dimen135
\Gm@wd@mp=\dimen136
\Gm@odd@mp=\dimen137
\Gm@even@mp=\dimen138
\Gm@layoutwidth=\dimen139
\Gm@layoutheight=\dimen140
\Gm@layouthoffset=\dimen141
\Gm@layoutvoffset=\dimen142
\Gm@dimlist=\toks16
)
(/home/post/.TinyTeX/texmf-dist/tex/latex/base/inputenc.sty
Package: inputenc 2018/08/11 v1.3c Input encoding file
\inpenc@prehook=\toks17
\inpenc@posthook=\toks18
)
(/home/post/.TinyTeX/texmf-dist/tex/latex/base/fontenc.sty
Package: fontenc 2020/02/11 v2.0o Standard LaTeX package
)
(/home/post/.TinyTeX/texmf-dist/tex/latex/graphics/graphicx.sty
Package: graphicx 2019/11/30 v1.2a Enhanced LaTeX Graphics (DPC,SPQR)

(/home/post/.TinyTeX/texmf-dist/tex/latex/graphics/graphics.sty
Package: graphics 2019/11/30 v1.4a Standard LaTeX Graphics (DPC,SPQR)

(/home/post/.TinyTeX/texmf-dist/tex/latex/graphics/trig.sty
Package: trig 2016/01/03 v1.10 sin cos tan (DPC)
)
(/home/post/.TinyTeX/texmf-dist/tex/latex/graphics-cfg/graphics.cfg
File: graphics.cfg 2016/06/04 v1.11 sample graphics configuration
)
Package graphics Info: Driver file: pdftex.def on input line 105.

(/home/post/.TinyTeX/texmf-dist/tex/latex/graphics-def/pdftex.def
File: pdftex.def 2018/01/08 v1.0l Graphics/color driver for pdftex
))
\Gin@req@height=\dimen143
\Gin@req@width=\dimen144
)
(/home/post/.TinyTeX/texmf-dist/tex/latex/caption/caption.sty
Package: caption 2020/01/03 v3.4h Customizing captions (AR)

(/home/post/.TinyTeX/texmf-dist/tex/latex/caption/caption3.sty
Package: caption3 2020/01/03 v1.8h caption3 kernel (AR)
Package caption3 Info: TeX engine: e-TeX on input line 61.
\captionmargin=\dimen145
\captionmargin@=\dimen146
\captionwidth=\dimen147
\caption@tempdima=\dimen148
\caption@indent=\dimen149
\caption@parindent=\dimen150
\caption@hangindent=\dimen151
Package caption Info: Standard document class detected.
)
\c@caption@flags=\count178
\c@continuedfloat=\count179
)
(/home/post/.TinyTeX/texmf-dist/tex/latex/caption/subcaption.sty
Package: subcaption 2020/01/22 v1.3d Sub-captions (AR)
\c@subfigure=\count180
\c@subtable=\count181
)
(/home/post/.TinyTeX/texmf-dist/tex/latex/amsmath/amsmath.sty
Package: amsmath 2020/01/20 v2.17e AMS math features
\@mathmargin=\skip49

For additional information on amsmath, use the `?' option.
(/home/post/.TinyTeX/texmf-dist/tex/latex/amsmath/amstext.sty
Package: amstext 2000/06/29 v2.01 AMS text

(/home/post/.TinyTeX/texmf-dist/tex/latex/amsmath/amsgen.sty
File: amsgen.sty 1999/11/30 v2.0 generic functions
\@emptytoks=\toks19
\ex@=\dimen152
))
(/home/post/.TinyTeX/texmf-dist/tex/latex/amsmath/amsbsy.sty
Package: amsbsy 1999/11/29 v1.2d Bold Symbols
\pmbraise@=\dimen153
)
(/home/post/.TinyTeX/texmf-dist/tex/latex/amsmath/amsopn.sty
Package: amsopn 2016/03/08 v2.02 operator names
)
\inf@bad=\count182
LaTeX Info: Redefining \frac on input line 227.
\uproot@=\count183
\leftroot@=\count184
LaTeX Info: Redefining \overline on input line 389.
\classnum@=\count185
\DOTSCASE@=\count186
LaTeX Info: Redefining \ldots on input line 486.
LaTeX Info: Redefining \dots on input line 489.
LaTeX Info: Redefining \cdots on input line 610.
\Mathstrutbox@=\box45
\strutbox@=\box46
\big@size=\dimen154
LaTeX Font Info:    Redeclaring font encoding OML on input line 733.
LaTeX Font Info:    Redeclaring font encoding OMS on input line 734.
\macc@depth=\count187
\c@MaxMatrixCols=\count188
\dotsspace@=\muskip16
\c@parentequation=\count189
\dspbrk@lvl=\count190
\tag@help=\toks20
\row@=\count191
\column@=\count192
\maxfields@=\count193
\andhelp@=\toks21
\eqnshift@=\dimen155
\alignsep@=\dimen156
\tagshift@=\dimen157
\tagwidth@=\dimen158
\totwidth@=\dimen159
\lineht@=\dimen160
\@envbody=\toks22
\multlinegap=\skip50
\multlinetaggap=\skip51
\mathdisplay@stack=\toks23
LaTeX Info: Redefining \[ on input line 2859.
LaTeX Info: Redefining \] on input line 2860.
)
(/home/post/.TinyTeX/texmf-dist/tex/latex/amsfonts/amssymb.sty
Package: amssymb 2013/01/14 v3.01 AMS font symbols

(/home/post/.TinyTeX/texmf-dist/tex/latex/amsfonts/amsfonts.sty
Package: amsfonts 2013/01/14 v3.01 Basic AMSFonts support
\symAMSa=\mathgroup4
\symAMSb=\mathgroup5
LaTeX Font Info:    Redeclaring math symbol \hbar on input line 98.
LaTeX Font Info:    Overwriting math alphabet `\mathfrak' in version `bold'
(Font)                  U/euf/m/n --> U/euf/b/n on input line 106.
))
(/home/post/.TinyTeX/texmf-dist/tex/latex/tools/longtable.sty
Package: longtable 2020/01/07 v4.13 Multi-page Table package (DPC)
\LTleft=\skip52
\LTright=\skip53
\LTpre=\skip54
\LTpost=\skip55
\LTchunksize=\count194
\LTcapwidth=\dimen161
\LT@head=\box47
\LT@firsthead=\box48
\LT@foot=\box49
\LT@lastfoot=\box50
\LT@cols=\count195
\LT@rows=\count196
\c@LT@tables=\count197
\c@LT@chunks=\count198
\LT@p@ftn=\toks24
)
(/home/post/.TinyTeX/texmf-dist/tex/latex/natbib/natbib.sty
Package: natbib 2010/09/13 8.31b (PWD, AO)
\bibhang=\skip56
\bibsep=\skip57
LaTeX Info: Redefining \cite on input line 694.
\c@NAT@ctr=\count199
)
(/home/post/.TinyTeX/texmf-dist/tex/latex/appendix/appendix.sty
Package: appendix 2020/02/08 v1.2c extra appendix facilities
\c@@pps=\count266
\c@@ppsavesec=\count267
\c@@ppsaveapp=\count268
)
(/home/post/.TinyTeX/texmf-dist/tex/latex/booktabs/booktabs.sty
Package: booktabs 2020/01/12 v1.61803398 Publication quality tables
\heavyrulewidth=\dimen162
\lightrulewidth=\dimen163
\cmidrulewidth=\dimen164
\belowrulesep=\dimen165
\belowbottomsep=\dimen166
\aboverulesep=\dimen167
\abovetopsep=\dimen168
\cmidrulesep=\dimen169
\cmidrulekern=\dimen170
\defaultaddspace=\dimen171
\@cmidla=\count269
\@cmidlb=\count270
\@aboverulesep=\dimen172
\@belowrulesep=\dimen173
\@thisruleclass=\count271
\@lastruleclass=\count272
\@thisrulewidth=\dimen174
)
(/home/post/.TinyTeX/texmf-dist/tex/latex/tools/array.sty
Package: array 2019/08/31 v2.4l Tabular extension package (FMi)
\col@sep=\dimen175
\ar@mcellbox=\box51
\extrarowheight=\dimen176
\NC@list=\toks25
\extratabsurround=\skip58
\backup@length=\skip59
\ar@cellbox=\box52
)
(/home/post/.TinyTeX/texmf-dist/tex/latex/multirow/multirow.sty
Package: multirow 2019/05/31 v2.5 Span multiple rows of a table
\multirow@colwidth=\skip60
\multirow@cntb=\count273
\multirow@dima=\skip61
\bigstrutjot=\dimen177
)
(/home/post/.TinyTeX/texmf-dist/tex/latex/wrapfig/wrapfig.sty
\wrapoverhang=\dimen178
\WF@size=\dimen179
\c@WF@wrappedlines=\count274
\WF@box=\box53
\WF@everypar=\toks26
Package: wrapfig 2003/01/31  v 3.6
)
(/home/post/.TinyTeX/texmf-dist/tex/latex/float/float.sty
Package: float 2001/11/08 v1.3d Float enhancements (AL)
\c@float@type=\count275
\float@exts=\toks27
\float@box=\box54
\@float@everytoks=\toks28
\@floatcapt=\box55
)
(/home/post/.TinyTeX/texmf-dist/tex/latex/colortbl/colortbl.sty
Package: colortbl 2020/01/04 v1.0e Color table columns (DPC)

(/home/post/.TinyTeX/texmf-dist/tex/latex/graphics/color.sty
Package: color 2019/11/23 v1.2a Standard LaTeX Color (DPC)

(/home/post/.TinyTeX/texmf-dist/tex/latex/graphics-cfg/color.cfg
File: color.cfg 2016/01/02 v1.6 sample color configuration
)
Package color Info: Driver file: pdftex.def on input line 147.
)
\everycr=\toks29
\minrowclearance=\skip62
)
(/home/post/.TinyTeX/texmf-dist/tex/latex/pdflscape/pdflscape.sty
Package: pdflscape 2019/12/05 v0.12 Display of landscape pages in PDF (HO)

(/home/post/.TinyTeX/texmf-dist/tex/latex/graphics/lscape.sty
Package: lscape 2000/10/22 v3.01 Landscape Pages (DPC)
)
Package pdflscape Info: Auto-detected driver: pdftex on input line 81.
)
(/home/post/.TinyTeX/texmf-dist/tex/latex/tabu/tabu.sty
Package: tabu 2019/01/11 v2.9 - flexible LaTeX tabulars (FC+tabu-fixed)

(/home/post/.TinyTeX/texmf-dist/tex/latex/varwidth/varwidth.sty
Package: varwidth 2009/03/30 ver 0.92;  Variable-width minipages
\@vwid@box=\box56
\sift@deathcycles=\count276
\@vwid@loff=\dimen180
\@vwid@roff=\dimen181
)
\c@taburow=\count277
\tabu@nbcols=\count278
\tabu@cnt=\count279
\tabu@Xcol=\count280
\tabu@alloc=\count281
\tabu@nested=\count282
\tabu@target=\dimen182
\tabu@spreadtarget=\dimen183
\tabu@naturalX=\dimen184
\tabucolX=\dimen185
\tabu@Xsum=\dimen186
\extrarowdepth=\dimen187
\abovetabulinesep=\dimen188
\belowtabulinesep=\dimen189
\tabustrutrule=\dimen190
\tabu@thebody=\toks30
\tabu@footnotes=\toks31
\tabu@box=\box57
\tabu@arstrutbox=\box58
\tabu@hleads=\box59
\tabu@vleads=\box60
\tabu@cellskip=\skip63
)
(/home/post/.TinyTeX/texmf-dist/tex/latex/threeparttable/threeparttable.sty
Package: threeparttable 2003/06/13  v 3.0
\@tempboxb=\box61
)
(/home/post/.TinyTeX/texmf-dist/tex/latex/l3backend/l3backend-pdfmode.def
File: l3backend-pdfmode.def 2020-02-23 L3 backend support: PDF mode
\l__kernel_color_stack_int=\count283
\l__pdf_internal_box=\box62
)
(./main.aux (./setup/temp_title.aux) (./setup/listofcontents.aux)
(./introduction/introduction.aux) (./framework/framework.aux)
(./methods/methods.aux) (./data/data.aux) (./analysis/analysis.aux

LaTeX Warning: Label `tab:' multiply defined.

) (./appendix/rca.aux) (./appendix/fc_vs_hh_algorithm.aux)
(./appendix/data_cleaning.aux

LaTeX Warning: Label `tab:' multiply defined.


LaTeX Warning: Label `tab:' multiply defined.


LaTeX Warning: Label `tab:' multiply defined.


LaTeX Warning: Label `tab:' multiply defined.

))
\openout1 = `main.aux'.

LaTeX Font Info:    Checking defaults for OML/cmm/m/it on input line 52.
LaTeX Font Info:    ... okay on input line 52.
LaTeX Font Info:    Checking defaults for OMS/cmsy/m/n on input line 52.
LaTeX Font Info:    ... okay on input line 52.
LaTeX Font Info:    Checking defaults for OT1/cmr/m/n on input line 52.
LaTeX Font Info:    ... okay on input line 52.
LaTeX Font Info:    Checking defaults for T1/cmr/m/n on input line 52.
LaTeX Font Info:    ... okay on input line 52.
LaTeX Font Info:    Checking defaults for TS1/cmr/m/n on input line 52.
LaTeX Font Info:    ... okay on input line 52.
LaTeX Font Info:    Checking defaults for OMX/cmex/m/n on input line 52.
LaTeX Font Info:    ... okay on input line 52.
LaTeX Font Info:    Checking defaults for U/cmr/m/n on input line 52.
LaTeX Font Info:    ... okay on input line 52.

*geometry* driver: auto-detecting
*geometry* detected driver: pdftex
*geometry* verbose mode - [ preamble ] result:
* driver: pdftex
* paper: a4paper
* layout: <same size as paper>
* layoutoffset:(h,v)=(0.0pt,0.0pt)
* modes: 
* h-part:(L,W,R)=(85.35826pt, 426.79134pt, 85.35828pt)
* v-part:(T,H,B)=(71.13188pt, 702.78308pt, 71.13188pt)
* \paperwidth=597.50787pt
* \paperheight=845.04684pt
* \textwidth=426.79134pt
* \textheight=702.78308pt
* \oddsidemargin=13.08827pt
* \evensidemargin=13.08827pt
* \topmargin=-38.1381pt
* \headheight=12.0pt
* \headsep=25.0pt
* \topskip=11.0pt
* \footskip=30.0pt
* \marginparwidth=59.0pt
* \marginparsep=10.0pt
* \columnsep=10.0pt
* \skip\footins=10.0pt plus 4.0pt minus 2.0pt
* \hoffset=0.0pt
* \voffset=0.0pt
* \mag=1000
* \@twocolumnfalse
* \@twosidefalse
* \@mparswitchfalse
* \@reversemarginfalse
* (1in=72.27pt=25.4mm, 1cm=28.453pt)

(/home/post/.TinyTeX/texmf-dist/tex/latex/epstopdf-pkg/epstopdf-base.sty
Package: epstopdf-base 2020-01-24 v2.11 Base part for package epstopdf
Package epstopdf-base Info: Redefining graphics rule for `.eps' on input line 4
85.

(/home/post/.TinyTeX/texmf-dist/tex/latex/latexconfig/epstopdf-sys.cfg
File: epstopdf-sys.cfg 2010/07/13 v1.3 Configuration of (r)epstopdf for TeX Liv
e
))
Package caption Info: Begin \AtBeginDocument code.
Package caption Info: float package is loaded.
Package caption Info: longtable package is loaded.

(/home/post/.TinyTeX/texmf-dist/tex/latex/caption/ltcaption.sty
Package: ltcaption 2018/08/26 v1.4a longtable captions (AR)
)
Package caption Info: threeparttable package is loaded.
Package caption Info: wrapfig package is loaded.
Package caption Info: End \AtBeginDocument code.
\openout2 = `setup/listofcontents.aux'.


(./setup/listofcontents.tex (./main.toc
LaTeX Font Info:    Trying to load font information for U+msa on input line 3.

(/home/post/.TinyTeX/texmf-dist/tex/latex/amsfonts/umsa.fd
File: umsa.fd 2013/01/14 v3.01 AMS symbols A
)
LaTeX Font Info:    Trying to load font information for U+msb on input line 3.

(/home/post/.TinyTeX/texmf-dist/tex/latex/amsfonts/umsb.fd
File: umsb.fd 2013/01/14 v3.01 AMS symbols B
))
\tf@toc=\write3
\openout3 = `main.toc'.

 [1



{/home/post/.TinyTeX/texmf-var/fonts/map/pdftex/updmap/pdftex.map}])
\openout2 = `introduction/introduction.aux'.


(./introduction/introduction.tex
<figures/introduction_disruption_plot.pdf, id=9, 504.88625pt x 504.88625pt>
File: figures/introduction_disruption_plot.pdf Graphic file (type pdf)
<use figures/introduction_disruption_plot.pdf>
Package pdftex.def Info: figures/introduction_disruption_plot.pdf  used on inpu
t line 12.
(pdftex.def)             Requested size: 341.43436pt x 341.43832pt.
 [1


 <./figures/introduction_disruption_plot.pdf>]) [2]
\openout2 = `data/data.aux'.

 (./data/data.tex [3




] (./tables/data_energy_validation_ihds.tex)
[4]) [5]
\openout2 = `analysis/analysis.aux'.

 (./analysis/analysis.tex (./tables/analysis_avg_shortages_2010.tex
Overfull \hbox (8.84558pt too wide) in paragraph at lines 5--51
 [][] 
 []

)) [6


] [7]
\openout2 = `appendix/data_cleaning.aux'.

 (./appendix/data_cleaning.tex
Underfull \hbox (badness 10000) in paragraph at lines 27--27
[][]\T1/cmr/m/n/9 http://www.csoisw.gov.in/CMS/En/1027-npcms-national-product-c
lassification-for-manufacturing-
 []

[8




] (./tables/appendix_data_cleaning_year_obs.tex)
(./tables/appendix_data_cleaning_state_obs.tex
Overfull \hbox (21.99995pt too wide) in paragraph at lines 5--51
 [][] 
 []

) (./tables/appendix_data_cleaning_year_output.tex
Overfull \hbox (11.27083pt too wide) in paragraph at lines 5--32
 [][] 
 []

) (./tables/appendix_data_cleaning_state_output.tex)) [9] [10] [11] [12]
[13] (./main.bbl [14

]
Underfull \hbox (badness 1852) in paragraph at lines 106--109
[]\T1/cmr/m/n/10.95 Inoua, S. (2016).  A sim-ple mea-sure of eco-nomic com-plex
-ity.  \T1/cmr/m/it/10.95 arXiv preprint
 []


Underfull \hbox (badness 10000) in paragraph at lines 171--174
[]\T1/cmr/m/n/10.95 The World Bank (2019).  En-ter-prise Sur-veys In-di-ca-tors
 Data.
 []

) [15] (./main.aux (./setup/temp_title.aux) (./setup/listofcontents.aux)
(./introduction/introduction.aux) (./framework/framework.aux)
(./methods/methods.aux) (./data/data.aux) (./analysis/analysis.aux)
(./appendix/rca.aux) (./appendix/fc_vs_hh_algorithm.aux)
(./appendix/data_cleaning.aux))

LaTeX Warning: There were multiply-defined labels.

 ) 
Here is how much of TeX's memory you used:
 5924 strings out of 482913
 87178 string characters out of 5959408
 372900 words of memory out of 5000000
 21014 multiletter control sequences out of 15000+600000
 548244 words of font info for 63 fonts, out of 8000000 for 9000
 14 hyphenation exceptions out of 8191
 41i,10n,47p,1682b,371s stack positions out of 5000i,500n,10000p,200000b,80000s
 </home/post/.TinyTeX/texmf-var/fonts/pk/ljfour/jknappen/ec/ecti1095.600pk> <
/home/post/.TinyTeX/texmf-var/fonts/pk/ljfour/jknappen/ec/ecbx1200.600pk> </hom
e/post/.TinyTeX/texmf-var/fonts/pk/ljfour/jknappen/ec/ecrm0900.600pk> </home/po
st/.TinyTeX/texmf-var/fonts/pk/ljfour/jknappen/ec/ecrm0600.600pk> </home/post/.
TinyTeX/texmf-var/fonts/pk/ljfour/jknappen/ec/ecrm0800.600pk> </home/post/.Tiny
TeX/texmf-var/fonts/pk/ljfour/jknappen/ec/ecti1000.600pk> </home/post/.TinyTeX/
texmf-var/fonts/pk/ljfour/jknappen/ec/ecrm1095.600pk> </home/post/.TinyTeX/texm
f-var/fonts/pk/ljfour/jknappen/ec/ecbx1095.600pk> </home/post/.TinyTeX/texmf-va
r/fonts/pk/ljfour/jknappen/ec/ecbx1440.600pk></home/post/.TinyTeX/texmf-dist/fo
nts/type1/public/amsfonts/cm/cmmi10.pfb></home/post/.TinyTeX/texmf-dist/fonts/t
ype1/public/amsfonts/cm/cmmi8.pfb></home/post/.TinyTeX/texmf-dist/fonts/type1/p
ublic/amsfonts/cm/cmr10.pfb></home/post/.TinyTeX/texmf-dist/fonts/type1/public/
amsfonts/cm/cmsy10.pfb>
Output written on main.pdf (16 pages, 185347 bytes).
PDF statistics:
 467 PDF objects out of 1000 (max. 8388607)
 90 compressed objects within 1 object stream
 0 named destinations out of 1000 (max. 500000)
 6 words of extra memory for PDF output out of 10000 (max. 10000000)

