This is pdfTeX, Version 3.14159265-2.6-1.40.20 (TeX Live 2019) (preloaded format=pdflatex 2020.3.18)  27 MAY 2020 12:47
entering extended mode
 restricted \write18 enabled.
 file:line:error style messages enabled.
 %&-line parsing enabled.
**main_one_doc.tex
(./main_one_doc.tex
LaTeX2e <2020-02-02> patch level 5
L3 programming layer <2020-02-25> (/home/post/.TinyTeX/texmf-dist/tex/latex/base/article.cls
Document Class: article 2019/12/20 v1.4l Standard LaTeX document class
(/home/post/.TinyTeX/texmf-dist/tex/latex/base/size11.clo
File: size11.clo 2019/12/20 v1.4l Standard LaTeX file (size option)
)
\c@part=\count167
\c@section=\count168
\c@subsection=\count169
\c@subsubsection=\count170
\c@paragraph=\count171
\c@subparagraph=\count172
\c@figure=\count173
\c@table=\count174
\abovecaptionskip=\skip47
\belowcaptionskip=\skip48
\bibindent=\dimen134
) (/home/post/.TinyTeX/texmf-dist/tex/latex/geometry/geometry.sty
Package: geometry 2020/01/02 v5.9 Page Geometry
 (/home/post/.TinyTeX/texmf-dist/tex/latex/graphics/keyval.sty
Package: keyval 2014/10/28 v1.15 key=value parser (DPC)
\KV@toks@=\toks15
) (/home/post/.TinyTeX/texmf-dist/tex/generic/iftex/ifvtex.sty
Package: ifvtex 2019/10/25 v1.7 ifvtex legacy package. Use iftex instead.
 (/home/post/.TinyTeX/texmf-dist/tex/generic/iftex/iftex.sty
Package: iftex 2019/11/07 v1.0c TeX engine tests
))
\Gm@cnth=\count175
\Gm@cntv=\count176
\c@Gm@tempcnt=\count177
\Gm@bindingoffset=\dimen135
\Gm@wd@mp=\dimen136
\Gm@odd@mp=\dimen137
\Gm@even@mp=\dimen138
\Gm@layoutwidth=\dimen139
\Gm@layoutheight=\dimen140
\Gm@layouthoffset=\dimen141
\Gm@layoutvoffset=\dimen142
\Gm@dimlist=\toks16
) (/home/post/.TinyTeX/texmf-dist/tex/latex/base/inputenc.sty
Package: inputenc 2018/08/11 v1.3c Input encoding file
\inpenc@prehook=\toks17
\inpenc@posthook=\toks18
) (/home/post/.TinyTeX/texmf-dist/tex/latex/base/fontenc.sty
Package: fontenc 2020/02/11 v2.0o Standard LaTeX package
) (/home/post/.TinyTeX/texmf-dist/tex/latex/graphics/graphicx.sty
Package: graphicx 2019/11/30 v1.2a Enhanced LaTeX Graphics (DPC,SPQR)
 (/home/post/.TinyTeX/texmf-dist/tex/latex/graphics/graphics.sty
Package: graphics 2019/11/30 v1.4a Standard LaTeX Graphics (DPC,SPQR)
 (/home/post/.TinyTeX/texmf-dist/tex/latex/graphics/trig.sty
Package: trig 2016/01/03 v1.10 sin cos tan (DPC)
) (/home/post/.TinyTeX/texmf-dist/tex/latex/graphics-cfg/graphics.cfg
File: graphics.cfg 2016/06/04 v1.11 sample graphics configuration
)
Package graphics Info: Driver file: pdftex.def on input line 105.
 (/home/post/.TinyTeX/texmf-dist/tex/latex/graphics-def/pdftex.def
File: pdftex.def 2018/01/08 v1.0l Graphics/color driver for pdftex
))
\Gin@req@height=\dimen143
\Gin@req@width=\dimen144
) (/home/post/.TinyTeX/texmf-dist/tex/latex/caption/caption.sty
Package: caption 2020/01/03 v3.4h Customizing captions (AR)
 (/home/post/.TinyTeX/texmf-dist/tex/latex/caption/caption3.sty
Package: caption3 2020/01/03 v1.8h caption3 kernel (AR)
Package caption3 Info: TeX engine: e-TeX on input line 61.
\captionmargin=\dimen145
\captionmargin@=\dimen146
\captionwidth=\dimen147
\caption@tempdima=\dimen148
\caption@indent=\dimen149
\caption@parindent=\dimen150
\caption@hangindent=\dimen151
Package caption Info: Standard document class detected.
)
\c@caption@flags=\count178
\c@continuedfloat=\count179
) (/home/post/.TinyTeX/texmf-dist/tex/latex/caption/subcaption.sty
Package: subcaption 2020/01/22 v1.3d Sub-captions (AR)
\c@subfigure=\count180
\c@subtable=\count181
) (/home/post/.TinyTeX/texmf-dist/tex/latex/amsmath/amsmath.sty
Package: amsmath 2020/01/20 v2.17e AMS math features
\@mathmargin=\skip49

For additional information on amsmath, use the `?' option.
(/home/post/.TinyTeX/texmf-dist/tex/latex/amsmath/amstext.sty
Package: amstext 2000/06/29 v2.01 AMS text
 (/home/post/.TinyTeX/texmf-dist/tex/latex/amsmath/amsgen.sty
File: amsgen.sty 1999/11/30 v2.0 generic functions
\@emptytoks=\toks19
\ex@=\dimen152
)) (/home/post/.TinyTeX/texmf-dist/tex/latex/amsmath/amsbsy.sty
Package: amsbsy 1999/11/29 v1.2d Bold Symbols
\pmbraise@=\dimen153
) (/home/post/.TinyTeX/texmf-dist/tex/latex/amsmath/amsopn.sty
Package: amsopn 2016/03/08 v2.02 operator names
)
\inf@bad=\count182
LaTeX Info: Redefining \frac on input line 227.
\uproot@=\count183
\leftroot@=\count184
LaTeX Info: Redefining \overline on input line 389.
\classnum@=\count185
\DOTSCASE@=\count186
LaTeX Info: Redefining \ldots on input line 486.
LaTeX Info: Redefining \dots on input line 489.
LaTeX Info: Redefining \cdots on input line 610.
\Mathstrutbox@=\box45
\strutbox@=\box46
\big@size=\dimen154
LaTeX Font Info:    Redeclaring font encoding OML on input line 733.
LaTeX Font Info:    Redeclaring font encoding OMS on input line 734.
\macc@depth=\count187
\c@MaxMatrixCols=\count188
\dotsspace@=\muskip16
\c@parentequation=\count189
\dspbrk@lvl=\count190
\tag@help=\toks20
\row@=\count191
\column@=\count192
\maxfields@=\count193
\andhelp@=\toks21
\eqnshift@=\dimen155
\alignsep@=\dimen156
\tagshift@=\dimen157
\tagwidth@=\dimen158
\totwidth@=\dimen159
\lineht@=\dimen160
\@envbody=\toks22
\multlinegap=\skip50
\multlinetaggap=\skip51
\mathdisplay@stack=\toks23
LaTeX Info: Redefining \[ on input line 2859.
LaTeX Info: Redefining \] on input line 2860.
) (/home/post/.TinyTeX/texmf-dist/tex/latex/amsfonts/amssymb.sty
Package: amssymb 2013/01/14 v3.01 AMS font symbols
 (/home/post/.TinyTeX/texmf-dist/tex/latex/amsfonts/amsfonts.sty
Package: amsfonts 2013/01/14 v3.01 Basic AMSFonts support
\symAMSa=\mathgroup4
\symAMSb=\mathgroup5
LaTeX Font Info:    Redeclaring math symbol \hbar on input line 98.
LaTeX Font Info:    Overwriting math alphabet `\mathfrak' in version `bold'
(Font)                  U/euf/m/n --> U/euf/b/n on input line 106.
)) (/home/post/.TinyTeX/texmf-dist/tex/latex/tools/longtable.sty
Package: longtable 2020/01/07 v4.13 Multi-page Table package (DPC)
\LTleft=\skip52
\LTright=\skip53
\LTpre=\skip54
\LTpost=\skip55
\LTchunksize=\count194
\LTcapwidth=\dimen161
\LT@head=\box47
\LT@firsthead=\box48
\LT@foot=\box49
\LT@lastfoot=\box50
\LT@cols=\count195
\LT@rows=\count196
\c@LT@tables=\count197
\c@LT@chunks=\count198
\LT@p@ftn=\toks24
) (/home/post/.TinyTeX/texmf-dist/tex/latex/natbib/natbib.sty
Package: natbib 2010/09/13 8.31b (PWD, AO)
\bibhang=\skip56
\bibsep=\skip57
LaTeX Info: Redefining \cite on input line 694.
\c@NAT@ctr=\count199
) (/home/post/.TinyTeX/texmf-dist/tex/latex/appendix/appendix.sty
Package: appendix 2020/02/08 v1.2c extra appendix facilities
\c@@pps=\count266
\c@@ppsavesec=\count267
\c@@ppsaveapp=\count268
) (/home/post/.TinyTeX/texmf-dist/tex/latex/booktabs/booktabs.sty
Package: booktabs 2020/01/12 v1.61803398 Publication quality tables
\heavyrulewidth=\dimen162
\lightrulewidth=\dimen163
\cmidrulewidth=\dimen164
\belowrulesep=\dimen165
\belowbottomsep=\dimen166
\aboverulesep=\dimen167
\abovetopsep=\dimen168
\cmidrulesep=\dimen169
\cmidrulekern=\dimen170
\defaultaddspace=\dimen171
\@cmidla=\count269
\@cmidlb=\count270
\@aboverulesep=\dimen172
\@belowrulesep=\dimen173
\@thisruleclass=\count271
\@lastruleclass=\count272
\@thisrulewidth=\dimen174
) (/home/post/.TinyTeX/texmf-dist/tex/latex/graphics/rotating.sty
Package: rotating 2016/08/11 v2.16d rotated objects in LaTeX
 (/home/post/.TinyTeX/texmf-dist/tex/latex/base/ifthen.sty
Package: ifthen 2014/09/29 v1.1c Standard LaTeX ifthen package (DPC)
)
\c@r@tfl@t=\count273
\rotFPtop=\skip58
\rotFPbot=\skip59
\rot@float@box=\box51
\rot@mess@toks=\toks25
) (/home/post/.TinyTeX/texmf-dist/tex/latex/tools/dcolumn.sty
Package: dcolumn 2014/10/28 v1.06 decimal alignment package (DPC)
 (/home/post/.TinyTeX/texmf-dist/tex/latex/tools/array.sty
Package: array 2019/08/31 v2.4l Tabular extension package (FMi)
\col@sep=\dimen175
\ar@mcellbox=\box52
\extrarowheight=\dimen176
\NC@list=\toks26
\extratabsurround=\skip60
\backup@length=\skip61
\ar@cellbox=\box53
)) (/home/post/.TinyTeX/texmf-dist/tex/latex/multirow/multirow.sty
Package: multirow 2019/05/31 v2.5 Span multiple rows of a table
\multirow@colwidth=\skip62
\multirow@cntb=\count274
\multirow@dima=\skip63
\bigstrutjot=\dimen177
) (/home/post/.TinyTeX/texmf-dist/tex/latex/wrapfig/wrapfig.sty
\wrapoverhang=\dimen178
\WF@size=\dimen179
\c@WF@wrappedlines=\count275
\WF@box=\box54
\WF@everypar=\toks27
Package: wrapfig 2003/01/31  v 3.6
) (/home/post/.TinyTeX/texmf-dist/tex/latex/float/float.sty
Package: float 2001/11/08 v1.3d Float enhancements (AL)
\c@float@type=\count276
\float@exts=\toks28
\float@box=\box55
\@float@everytoks=\toks29
\@floatcapt=\box56
) (/home/post/.TinyTeX/texmf-dist/tex/latex/colortbl/colortbl.sty
Package: colortbl 2020/01/04 v1.0e Color table columns (DPC)
 (/home/post/.TinyTeX/texmf-dist/tex/latex/graphics/color.sty
Package: color 2019/11/23 v1.2a Standard LaTeX Color (DPC)
 (/home/post/.TinyTeX/texmf-dist/tex/latex/graphics-cfg/color.cfg
File: color.cfg 2016/01/02 v1.6 sample color configuration
)
Package color Info: Driver file: pdftex.def on input line 147.
)
\everycr=\toks30
\minrowclearance=\skip64
) (/home/post/.TinyTeX/texmf-dist/tex/latex/pdflscape/pdflscape.sty
Package: pdflscape 2019/12/05 v0.12 Display of landscape pages in PDF (HO)
 (/home/post/.TinyTeX/texmf-dist/tex/latex/graphics/lscape.sty
Package: lscape 2000/10/22 v3.01 Landscape Pages (DPC)
)
Package pdflscape Info: Auto-detected driver: pdftex on input line 81.
) (/home/post/.TinyTeX/texmf-dist/tex/latex/tabu/tabu.sty
Package: tabu 2019/01/11 v2.9 - flexible LaTeX tabulars (FC+tabu-fixed)
 (/home/post/.TinyTeX/texmf-dist/tex/latex/varwidth/varwidth.sty
Package: varwidth 2009/03/30 ver 0.92;  Variable-width minipages
\@vwid@box=\box57
\sift@deathcycles=\count277
\@vwid@loff=\dimen180
\@vwid@roff=\dimen181
)
\c@taburow=\count278
\tabu@nbcols=\count279
\tabu@cnt=\count280
\tabu@Xcol=\count281
\tabu@alloc=\count282
\tabu@nested=\count283
\tabu@target=\dimen182
\tabu@spreadtarget=\dimen183
\tabu@naturalX=\dimen184
\tabucolX=\dimen185
\tabu@Xsum=\dimen186
\extrarowdepth=\dimen187
\abovetabulinesep=\dimen188
\belowtabulinesep=\dimen189
\tabustrutrule=\dimen190
\tabu@thebody=\toks31
\tabu@footnotes=\toks32
\tabu@box=\box58
\tabu@arstrutbox=\box59
\tabu@hleads=\box60
\tabu@vleads=\box61
\tabu@cellskip=\skip65
) (/home/post/.TinyTeX/texmf-dist/tex/latex/threeparttable/threeparttable.sty
Package: threeparttable 2003/06/13  v 3.0
\@tempboxb=\box62
) (/home/post/.TinyTeX/texmf-dist/tex/latex/l3backend/l3backend-pdfmode.def
File: l3backend-pdfmode.def 2020-02-23 L3 backend support: PDF mode
\l__kernel_color_stack_int=\count284
\l__pdf_internal_box=\box63
) (./main_one_doc.aux (./setup/titlepage.aux) (./setup/abstract.aux) (./setup/listofcontents.aux)

LaTeX Warning: Label `tab:' multiply defined.


LaTeX Warning: Label `tab:' multiply defined.


LaTeX Warning: Label `tab:' multiply defined.

)
\openout1 = `main_one_doc.aux'.

LaTeX Font Info:    Checking defaults for OML/cmm/m/it on input line 38.
LaTeX Font Info:    ... okay on input line 38.
LaTeX Font Info:    Checking defaults for OMS/cmsy/m/n on input line 38.
LaTeX Font Info:    ... okay on input line 38.
LaTeX Font Info:    Checking defaults for OT1/cmr/m/n on input line 38.
LaTeX Font Info:    ... okay on input line 38.
LaTeX Font Info:    Checking defaults for T1/cmr/m/n on input line 38.
LaTeX Font Info:    ... okay on input line 38.
LaTeX Font Info:    Checking defaults for TS1/cmr/m/n on input line 38.
LaTeX Font Info:    ... okay on input line 38.
LaTeX Font Info:    Checking defaults for OMX/cmex/m/n on input line 38.
LaTeX Font Info:    ... okay on input line 38.
LaTeX Font Info:    Checking defaults for U/cmr/m/n on input line 38.
LaTeX Font Info:    ... okay on input line 38.

*geometry* driver: auto-detecting
*geometry* detected driver: pdftex
*geometry* verbose mode - [ preamble ] result:
* driver: pdftex
* paper: a4paper
* layout: <same size as paper>
* layoutoffset:(h,v)=(0.0pt,0.0pt)
* modes: 
* h-part:(L,W,R)=(85.35826pt, 426.79134pt, 85.35828pt)
* v-part:(T,H,B)=(71.13188pt, 702.78308pt, 71.13188pt)
* \paperwidth=597.50787pt
* \paperheight=845.04684pt
* \textwidth=426.79134pt
* \textheight=702.78308pt
* \oddsidemargin=13.08827pt
* \evensidemargin=13.08827pt
* \topmargin=-38.1381pt
* \headheight=12.0pt
* \headsep=25.0pt
* \topskip=11.0pt
* \footskip=30.0pt
* \marginparwidth=59.0pt
* \marginparsep=10.0pt
* \columnsep=10.0pt
* \skip\footins=10.0pt plus 4.0pt minus 2.0pt
* \hoffset=0.0pt
* \voffset=0.0pt
* \mag=1000
* \@twocolumnfalse
* \@twosidefalse
* \@mparswitchfalse
* \@reversemarginfalse
* (1in=72.27pt=25.4mm, 1cm=28.453pt)

(/home/post/.TinyTeX/texmf-dist/tex/latex/epstopdf-pkg/epstopdf-base.sty
Package: epstopdf-base 2020-01-24 v2.11 Base part for package epstopdf
Package epstopdf-base Info: Redefining graphics rule for `.eps' on input line 485.
 (/home/post/.TinyTeX/texmf-dist/tex/latex/latexconfig/epstopdf-sys.cfg
File: epstopdf-sys.cfg 2010/07/13 v1.3 Configuration of (r)epstopdf for TeX Live
))
Package caption Info: Begin \AtBeginDocument code.
Package caption Info: float package is loaded.
Package caption Info: longtable package is loaded.
 (/home/post/.TinyTeX/texmf-dist/tex/latex/caption/ltcaption.sty
Package: ltcaption 2018/08/26 v1.4a longtable captions (AR)
)
Package caption Info: rotating package is loaded.
Package caption Info: threeparttable package is loaded.
Package caption Info: wrapfig package is loaded.
Package caption Info: End \AtBeginDocument code.
\openout2 = `setup/titlepage.aux'.

 (./setup/titlepage.tex
<logo.jpg, id=1, 1431.3475pt x 1086.0575pt>
File: logo.jpg Graphic file (type jpg)
<use logo.jpg>
Package pdftex.def Info: logo.jpg  used on input line 22.
(pdftex.def)             Requested size: 170.71393pt x 129.52582pt.
 [1


{/home/post/.TinyTeX/texmf-var/fonts/map/pdftex/updmap/pdftex.map} <./logo.jpg>])
\openout2 = `setup/abstract.aux'.

 (./setup/abstract.tex) [1


]
\openout2 = `setup/listofcontents.aux'.

 (./setup/listofcontents.tex (./main_one_doc.toc
LaTeX Font Info:    Trying to load font information for U+msa on input line 2.
 (/home/post/.TinyTeX/texmf-dist/tex/latex/amsfonts/umsa.fd
File: umsa.fd 2013/01/14 v3.01 AMS symbols A
)
LaTeX Font Info:    Trying to load font information for U+msb on input line 2.
 (/home/post/.TinyTeX/texmf-dist/tex/latex/amsfonts/umsb.fd
File: umsb.fd 2013/01/14 v3.01 AMS symbols B
) [2


])
\tf@toc=\write3
\openout3 = `main_one_doc.toc'.

 [3] (./main_one_doc.lof)
\tf@lof=\write4
\openout4 = `main_one_doc.lof'.

 [4] (./main_one_doc.lot
Overfull \hbox (0.71036pt too wide) in paragraph at lines 4--4
 [][] []\T1/cmr/m/n/10.95 Association be-tween Sup-ply short-ages, wage-share, in-ter-me-di-ate in-put share, 
 []

)
\tf@lot=\write5
\openout5 = `main_one_doc.lot'.

 [5]) [1

]
<figures/introduction_disruption_plot.pdf, id=38, 505.89pt x 482.80376pt>
File: figures/introduction_disruption_plot.pdf Graphic file (type pdf)
<use figures/introduction_disruption_plot.pdf>
Package pdftex.def Info: figures/introduction_disruption_plot.pdf  used on input line 92.
(pdftex.def)             Requested size: 341.43436pt x 325.85637pt.
 [2] [3 <./figures/introduction_disruption_plot.pdf>]
Overfull \hbox (2.63573pt too wide) in paragraph at lines 107--108
[]\T1/cmr/m/n/10.95 Despite the gov-ern-ment sub-si-dies, dis-tri-bu-tion com-pa-nies have run with large yearly deficits:
 []

[4]
<figures/background_wbes.pdf, id=56, 504.88625pt x 504.88625pt>
File: figures/background_wbes.pdf Graphic file (type pdf)
<use figures/background_wbes.pdf>
Package pdftex.def Info: figures/background_wbes.pdf  used on input line 122.
(pdftex.def)             Requested size: 341.43436pt x 341.43832pt.
<figures/shortage_p_dl.pdf, id=57, 505.89pt x 505.89pt>
File: figures/shortage_p_dl.pdf Graphic file (type pdf)
<use figures/shortage_p_dl.pdf>
Package pdftex.def Info: figures/shortage_p_dl.pdf  used on input line 130.
(pdftex.def)             Requested size: 426.79134pt x 426.7973pt.
 [5 <./figures/background_wbes.pdf>] [6 <./figures/shortage_p_dl.pdf>]
<figures/framework/framework_complexity_model_bw.png, id=79, 1207.51125pt x 543.02875pt>
File: figures/framework/framework_complexity_model_bw.png Graphic file (type png)
<use figures/framework/framework_complexity_model_bw.png>
Package pdftex.def Info: figures/framework/framework_complexity_model_bw.png  used on input line 160.
(pdftex.def)             Requested size: 341.43436pt x 153.54675pt.
<figures/eci_cap.pdf, id=81, 505.89pt x 284.06125pt>
File: figures/eci_cap.pdf Graphic file (type pdf)
<use figures/eci_cap.pdf>
Package pdftex.def Info: figures/eci_cap.pdf  used on input line 169.
(pdftex.def)             Requested size: 426.79134pt x 239.65005pt.
 [7]
<figures/richest_poorest_pci.pdf, id=86, 568.1225pt x 341.275pt>
File: figures/richest_poorest_pci.pdf Graphic file (type pdf)
<use figures/richest_poorest_pci.pdf>
Package pdftex.def Info: figures/richest_poorest_pci.pdf  used on input line 178.
(pdftex.def)             Requested size: 426.79134pt x 256.38783pt.
 [8 <./figures/framework/framework_complexity_model_bw.png>] [9 <./figures/eci_cap.pdf> <./figures/richest_poorest_pci.pdf>]
<figures/framework/framework_io_model.png, id=112, 1138.2525pt x 347.2975pt>
File: figures/framework/framework_io_model.png Graphic file (type png)
<use figures/framework/framework_io_model.png>
Package pdftex.def Info: figures/framework/framework_io_model.png  used on input line 197.
(pdftex.def)             Requested size: 341.43436pt x 104.17415pt.
 [10 <./figures/framework/framework_io_model.png>] [11] [12] [13] [14] [15] [16] [17] [18] [19] [20] [21] (./tables/energy_validity/wbes_nonfloat.tex)
Underfull \hbox (badness 10000) in paragraph at lines 6--457

 []

[22]
<figures/histogram_interaction_avg_sample.pdf, id=162, 505.89pt x 505.89pt>
File: figures/histogram_interaction_avg_sample.pdf Graphic file (type pdf)
<use figures/histogram_interaction_avg_sample.pdf>
Package pdftex.def Info: figures/histogram_interaction_avg_sample.pdf  used on input line 472.
(pdftex.def)             Requested size: 192.0548pt x 192.05493pt.
<figures/histogram_interaction_max_sample.pdf, id=163, 505.89pt x 505.89pt>
File: figures/histogram_interaction_max_sample.pdf Graphic file (type pdf)
<use figures/histogram_interaction_max_sample.pdf>
Package pdftex.def Info: figures/histogram_interaction_max_sample.pdf  used on input line 479.
(pdftex.def)             Requested size: 192.0548pt x 192.05493pt.
 [23 <./figures/histogram_interaction_avg_sample.pdf> <./figures/histogram_interaction_max_sample.pdf>] [24] (./tables/analysis_interaction_avg_pci.tex) (./tables/analysis_interaction_max_pci.tex) (./tables/analysis_interaction_wage_input.tex) [25] [26] [27] (./tables/filtered_input_shortage.tex) [28] [29]
<figures/analysis_entry_sample_year_histograms.pdf, id=200, 505.89pt x 505.89pt>
File: figures/analysis_entry_sample_year_histograms.pdf Graphic file (type pdf)
<use figures/analysis_entry_sample_year_histograms.pdf>
Package pdftex.def Info: figures/analysis_entry_sample_year_histograms.pdf  used on input line 593.
(pdftex.def)             Requested size: 192.0548pt x 192.05493pt.
<figures/analysis_entry_sample_state_histograms.pdf, id=201, 505.89pt x 505.89pt>
File: figures/analysis_entry_sample_state_histograms.pdf Graphic file (type pdf)
<use figures/analysis_entry_sample_state_histograms.pdf>
Package pdftex.def Info: figures/analysis_entry_sample_state_histograms.pdf  used on input line 600.
(pdftex.def)             Requested size: 192.0548pt x 192.05493pt.
 [30 <./figures/analysis_entry_sample_year_histograms.pdf> <./figures/analysis_entry_sample_state_histograms.pdf>] (./tables/plant_entry/entry_minimal.tex)
Overfull \hbox (24.40657pt too wide) in paragraph at lines 624--631
 [] 
 []

[31] (./tables/plant_entry/entry_max_max_pci.tex) [32] (./tables/plant_entry/entry_max_avg_pci.tex) [33] [34] [35] [36] [37] [38] [39] (./main_one_doc.bbl [40]
Underfull \hbox (badness 1852) in paragraph at lines 134--137
[]\T1/cmr/m/n/10.95 Inoua, S. (2016).  A sim-ple mea-sure of eco-nomic com-plex-ity.  \T1/cmr/m/it/10.95 arXiv preprint
 []


Underfull \hbox (badness 10000) in paragraph at lines 166--169
[]\T1/cmr/m/n/10.95 MOSPI (2000:2016).  An-nual Sur-vey of In-dus-tries.
 []


Underfull \hbox (badness 4168) in paragraph at lines 176--180
[]\T1/cmr/m/n/10.95 NSSO (2000:2016).  Na-tional Sam-ple Sur-vey (NSS) data (unit level): Sur-
 []


Underfull \hbox (badness 3907) in paragraph at lines 176--180
\T1/cmr/m/n/10.95 vey round: 55, 56, 57, 58, 60, 61, 62, 63, 64, 66, 68, 70, 71, 72.
 []

[41]
Underfull \hbox (badness 3590) in paragraph at lines 216--219
[]\T1/cmr/m/n/10.95 World Bank (2020a).  En-ter-prise Sur-veys: Firm-level data on In-dia (2005).
 []


Underfull \hbox (badness 3503) in paragraph at lines 221--224
[]\T1/cmr/m/n/10.95 World Bank (2020b).  En-ter-prise Sur-veys: Firm-level data on In-dia (2014).
 []


Underfull \hbox (badness 10000) in paragraph at lines 226--229
[]\T1/cmr/m/n/10.95 World Bank (2020c).  En-ter-prise Sur-veys In-di-ca-tors Data.
 []

) [42]
Underfull \hbox (badness 10000) in paragraph at lines 779--779
[][]\T1/cmr/m/n/9 http://www.csoisw.gov.in/CMS/En/1027-npcms-national-product-classification-for-manufacturing-
 []

[43]
<figures/appendix/appendix_density_product_match.pdf, id=258, 505.89pt x 505.89pt>
File: figures/appendix/appendix_density_product_match.pdf Graphic file (type pdf)
<use figures/appendix/appendix_density_product_match.pdf>
Package pdftex.def Info: figures/appendix/appendix_density_product_match.pdf  used on input line 785.
(pdftex.def)             Requested size: 341.43436pt x 341.43785pt.
 [44] [45 <./figures/appendix/appendix_density_product_match.pdf>] [46]
<figures/framework/framework_z.pdf, id=274, 522.95375pt x 226.8475pt>
File: figures/framework/framework_z.pdf Graphic file (type pdf)
<use figures/framework/framework_z.pdf>
Package pdftex.def Info: figures/framework/framework_z.pdf  used on input line 833.
(pdftex.def)             Requested size: 341.43436pt x 148.11024pt.
 [47 <./figures/framework/framework_z.pdf>] (./tables/appendix_data_cleaning_year_obs.tex) (./tables/appendix_data_cleaning_state_obs.tex
Overfull \hbox (21.99995pt too wide) in paragraph at lines 5--51
 [][] 
 []

) (./tables/appendix_data_cleaning_year_output.tex
Overfull \hbox (11.27083pt too wide) in paragraph at lines 5--32
 [][] 
 []

) (./tables/appendix_data_cleaning_state_output.tex) [48] [49] [50] [51] (./main_one_doc.aux (./setup/titlepage.aux) (./setup/abstract.aux) (./setup/listofcontents.aux))

LaTeX Warning: There were multiply-defined labels.

 ) 
Here is how much of TeX's memory you used:
 6187 strings out of 482913
 93614 string characters out of 5959408
 379614 words of memory out of 5000000
 21267 multiletter control sequences out of 15000+600000
 553416 words of font info for 74 fonts, out of 8000000 for 9000
 14 hyphenation exceptions out of 8191
 41i,16n,43p,1970b,534s stack positions out of 5000i,500n,10000p,200000b,80000s
 </home/post/.TinyTeX/texmf-var/fonts/pk/ljfour/jknappen/ec/ecti1095.600pk> </home/post/.TinyTeX/texmf-var/fonts/pk/ljfour/jknappen/ec/tcrm1095.600pk> </home/post/.TinyTeX/texmf-var/fonts/pk/ljfour/jknappen/ec/ecti0900.600pk> </home/post/.TinyTeX/texmf-var/fonts/pk/ljfour/jknappen/ec/ecrm1000.600pk> </home/post/.TinyTeX/texmf-var/fonts/pk/ljfour/jknappen/ec/ecrm0900.600pk> </home/post/.TinyTeX/texmf-var/fonts/pk/ljfour/jknappen/ec/ecrm0600.600pk> </home/post/.TinyTeX/texmf-var/fonts/pk/ljfour/jknappen/ec/ecrm0800.600pk> </home/post/.TinyTeX/texmf-var/fonts/pk/ljfour/jknappen/ec/ecti1000.600pk> </home/post/.TinyTeX/texmf-var/fonts/pk/ljfour/jknappen/ec/ecbx1095.600pk> </home/post/.TinyTeX/texmf-var/fonts/pk/ljfour/jknappen/ec/ecrm1095.600pk> </home/post/.TinyTeX/texmf-var/fonts/pk/ljfour/jknappen/ec/ecbx1200.600pk> </home/post/.TinyTeX/texmf-var/fonts/pk/ljfour/jknappen/ec/ecbx1440.600pk> </home/post/.TinyTeX/texmf-var/fonts/pk/ljfour/jknappen/ec/ecrm1440.600pk> </home/post/.TinyTeX/texmf-var/fonts/pk/ljfour/jknappen/ec/ecrm1728.600pk> </home/post/.TinyTeX/texmf-var/fonts/pk/ljfour/jknappen/ec/ecbx1728.600pk> </home/post/.TinyTeX/texmf-var/fonts/pk/ljfour/jknappen/ec/ecbx2488.600pk></home/post/.TinyTeX/texmf-dist/fonts/type1/public/amsfonts/cm/cmex10.pfb></home/post/.TinyTeX/texmf-dist/fonts/type1/public/amsfonts/cm/cmmi10.pfb></home/post/.TinyTeX/texmf-dist/fonts/type1/public/amsfonts/cm/cmmi6.pfb></home/post/.TinyTeX/texmf-dist/fonts/type1/public/amsfonts/cm/cmmi7.pfb></home/post/.TinyTeX/texmf-dist/fonts/type1/public/amsfonts/cm/cmmi8.pfb></home/post/.TinyTeX/texmf-dist/fonts/type1/public/amsfonts/cm/cmmi9.pfb></home/post/.TinyTeX/texmf-dist/fonts/type1/public/amsfonts/cm/cmr10.pfb></home/post/.TinyTeX/texmf-dist/fonts/type1/public/amsfonts/cm/cmr6.pfb></home/post/.TinyTeX/texmf-dist/fonts/type1/public/amsfonts/cm/cmr8.pfb></home/post/.TinyTeX/texmf-dist/fonts/type1/public/amsfonts/cm/cmr9.pfb></home/post/.TinyTeX/texmf-dist/fonts/type1/public/amsfonts/cm/cmsy10
.pfb></home/post/.TinyTeX/texmf-dist/fonts/type1/public/amsfonts/cm/cmsy5.pfb></home/post/.TinyTeX/texmf-dist/fonts/type1/public/amsfonts/cm/cmsy6.pfb></home/post/.TinyTeX/texmf-dist/fonts/type1/public/amsfonts/cm/cmsy7.pfb></home/post/.TinyTeX/texmf-dist/fonts/type1/public/amsfonts/cm/cmsy8.pfb></home/post/.TinyTeX/texmf-dist/fonts/type1/public/amsfonts/cm/cmsy9.pfb>
Output written on main_one_doc.pdf (57 pages, 820442 bytes).
PDF statistics:
 999 PDF objects out of 1000 (max. 8388607)
 293 compressed objects within 3 object streams
 0 named destinations out of 1000 (max. 500000)
 71 words of extra memory for PDF output out of 10000 (max. 10000000)

